Flow report for LeitorRST
Wed Jul 29 14:27:29 2015
Quartus II Version 9.0 Build 235 06/17/2009 Service Pack 2 SJ Web Edition


---------------------
; Table of Contents ;
---------------------
  1. Legal Notice
  2. Flow Summary
  3. Flow Settings
  4. Flow Non-Default Global Settings
  5. Flow Elapsed Time
  6. Flow OS Summary
  7. Flow Log



----------------
; Legal Notice ;
----------------
Copyright (C) 1991-2009 Altera Corporation
Your use of Altera Corporation's design tools, logic functions 
and other software and tools, and its AMPP partner logic 
functions, and any output files from any of the foregoing 
(including device programming or simulation files), and any 
associated documentation or information are expressly subject 
to the terms and conditions of the Altera Program License 
Subscription Agreement, Altera MegaCore Function License 
Agreement, or other applicable license agreement, including, 
without limitation, that your use is for the sole purpose of 
programming logic devices manufactured by Altera and sold by 
Altera or its authorized distributors.  Please refer to the 
applicable agreement for further details.



+------------------------------------------------------------------------+
; Flow Summary                                                           ;
+-------------------------+----------------------------------------------+
; Flow Status             ; Successful - Wed Jul 29 14:27:29 2015        ;
; Quartus II Version      ; 9.0 Build 235 06/17/2009 SP 2 SJ Web Edition ;
; Revision Name           ; LeitorRST                                    ;
; Top-level Entity Name   ; LeitorRST                                    ;
; Family                  ; FLEX10K                                      ;
; Device                  ; EPF10K20RC240-4                              ;
; Timing Models           ; Final                                        ;
; Met timing requirements ; No                                           ;
; Total logic elements    ; 248 / 1,152 ( 22 % )                         ;
; Total pins              ; 21 / 189 ( 11 % )                            ;
; Total memory bits       ; 0 / 12,288 ( 0 % )                           ;
+-------------------------+----------------------------------------------+


+-----------------------------------------+
; Flow Settings                           ;
+-------------------+---------------------+
; Option            ; Setting             ;
+-------------------+---------------------+
; Start date & time ; 07/29/2015 14:27:19 ;
; Main task         ; Compilation         ;
; Revision Name     ; LeitorRST           ;
+-------------------+---------------------+


+------------------------------------------------------------------------------------------------------------------------------------------------------------------------+
; Flow Non-Default Global Settings                                                                                                                                       ;
+------------------------------------+------------------------------------------------------------------------------------+---------------+-------------+----------------+
; Assignment Name                    ; Value                                                                              ; Default Value ; Entity Name ; Section Id     ;
+------------------------------------+------------------------------------------------------------------------------------+---------------+-------------+----------------+
; COMPILER_SIGNATURE_ID              ; 277680842070.143819083800556                                                       ; --            ; --          ; --             ;
; IP_TOOL_NAME                       ; LPM_COUNTER                                                                        ; --            ; --          ; --             ;
; IP_TOOL_NAME                       ; LPM_FF                                                                             ; --            ; --          ; --             ;
; IP_TOOL_NAME                       ; LPM_COMPARE                                                                        ; --            ; --          ; --             ;
; IP_TOOL_NAME                       ; LPM_FF                                                                             ; --            ; --          ; --             ;
; IP_TOOL_NAME                       ; LPM_COUNTER                                                                        ; --            ; --          ; --             ;
; IP_TOOL_NAME                       ; LPM_CLSHIFT                                                                        ; --            ; --          ; --             ;
; IP_TOOL_NAME                       ; LPM_COUNTER                                                                        ; --            ; --          ; --             ;
; IP_TOOL_NAME                       ; LPM_MUX                                                                            ; --            ; --          ; --             ;
; IP_TOOL_NAME                       ; LPM_FF                                                                             ; --            ; --          ; --             ;
; IP_TOOL_NAME                       ; LPM_COUNTER                                                                        ; --            ; --          ; --             ;
; IP_TOOL_NAME                       ; LPM_MUX                                                                            ; --            ; --          ; --             ;
; IP_TOOL_NAME                       ; LPM_FF                                                                             ; --            ; --          ; --             ;
; IP_TOOL_NAME                       ; LPM_FF                                                                             ; --            ; --          ; --             ;
; IP_TOOL_NAME                       ; LPM_FF                                                                             ; --            ; --          ; --             ;
; IP_TOOL_NAME                       ; LPM_COUNTER                                                                        ; --            ; --          ; --             ;
; IP_TOOL_NAME                       ; LPM_COUNTER                                                                        ; --            ; --          ; --             ;
; IP_TOOL_NAME                       ; LPM_FF                                                                             ; --            ; --          ; --             ;
; IP_TOOL_NAME                       ; LPM_COUNTER                                                                        ; --            ; --          ; --             ;
; IP_TOOL_NAME                       ; LPM_FF                                                                             ; --            ; --          ; --             ;
; IP_TOOL_VERSION                    ; 9.0                                                                                ; --            ; --          ; --             ;
; IP_TOOL_VERSION                    ; 9.0                                                                                ; --            ; --          ; --             ;
; IP_TOOL_VERSION                    ; 9.0                                                                                ; --            ; --          ; --             ;
; IP_TOOL_VERSION                    ; 9.0                                                                                ; --            ; --          ; --             ;
; IP_TOOL_VERSION                    ; 9.0                                                                                ; --            ; --          ; --             ;
; IP_TOOL_VERSION                    ; 9.0                                                                                ; --            ; --          ; --             ;
; IP_TOOL_VERSION                    ; 9.0                                                                                ; --            ; --          ; --             ;
; IP_TOOL_VERSION                    ; 9.0                                                                                ; --            ; --          ; --             ;
; IP_TOOL_VERSION                    ; 9.0                                                                                ; --            ; --          ; --             ;
; IP_TOOL_VERSION                    ; 9.0                                                                                ; --            ; --          ; --             ;
; IP_TOOL_VERSION                    ; 9.0                                                                                ; --            ; --          ; --             ;
; IP_TOOL_VERSION                    ; 9.0                                                                                ; --            ; --          ; --             ;
; IP_TOOL_VERSION                    ; 9.0                                                                                ; --            ; --          ; --             ;
; IP_TOOL_VERSION                    ; 9.0                                                                                ; --            ; --          ; --             ;
; IP_TOOL_VERSION                    ; 9.0                                                                                ; --            ; --          ; --             ;
; IP_TOOL_VERSION                    ; 9.0                                                                                ; --            ; --          ; --             ;
; IP_TOOL_VERSION                    ; 9.0                                                                                ; --            ; --          ; --             ;
; IP_TOOL_VERSION                    ; 9.0                                                                                ; --            ; --          ; --             ;
; IP_TOOL_VERSION                    ; 9.0                                                                                ; --            ; --          ; --             ;
; MAX_CORE_JUNCTION_TEMP             ; 85                                                                                 ; --            ; --          ; --             ;
; MIN_CORE_JUNCTION_TEMP             ; 0                                                                                  ; --            ; --          ; --             ;
; MISC_FILE                          ; C:/Users/Vinicius/Desktop/MICRO1_novo/projeto/LeitorRST.dpf                        ; --            ; --          ; --             ;
; MISC_FILE                          ; contador.bsf                                                                       ; --            ; --          ; --             ;
; MISC_FILE                          ; contador.cmp                                                                       ; --            ; --          ; --             ;
; MISC_FILE                          ; registrador.bsf                                                                    ; --            ; --          ; --             ;
; MISC_FILE                          ; registrador.cmp                                                                    ; --            ; --          ; --             ;
; MISC_FILE                          ; comparador.bsf                                                                     ; --            ; --          ; --             ;
; MISC_FILE                          ; comparador.cmp                                                                     ; --            ; --          ; --             ;
; MISC_FILE                          ; segurador_estado.bsf                                                               ; --            ; --          ; --             ;
; MISC_FILE                          ; segurador_estado.cmp                                                               ; --            ; --          ; --             ;
; MISC_FILE                          ; divisorFrequencia.bsf                                                              ; --            ; --          ; --             ;
; MISC_FILE                          ; divisorFrequencia.cmp                                                              ; --            ; --          ; --             ;
; MISC_FILE                          ; desloc_osciloscopio.bsf                                                            ; --            ; --          ; --             ;
; MISC_FILE                          ; desloc_osciloscopio.cmp                                                            ; --            ; --          ; --             ;
; MISC_FILE                          ; teste.bsf                                                                          ; --            ; --          ; --             ;
; MISC_FILE                          ; teste.cmp                                                                          ; --            ; --          ; --             ;
; MISC_FILE                          ; testepp.bsf                                                                        ; --            ; --          ; --             ;
; MISC_FILE                          ; testepp.cmp                                                                        ; --            ; --          ; --             ;
; MISC_FILE                          ; dffpp.bsf                                                                          ; --            ; --          ; --             ;
; MISC_FILE                          ; dffpp.cmp                                                                          ; --            ; --          ; --             ;
; MISC_FILE                          ; contPP.bsf                                                                         ; --            ; --          ; --             ;
; MISC_FILE                          ; contPP.cmp                                                                         ; --            ; --          ; --             ;
; MISC_FILE                          ; multiplexer.bsf                                                                    ; --            ; --          ; --             ;
; MISC_FILE                          ; multiplexer.cmp                                                                    ; --            ; --          ; --             ;
; MISC_FILE                          ; dff_chaves.bsf                                                                     ; --            ; --          ; --             ;
; MISC_FILE                          ; dff_chaves.cmp                                                                     ; --            ; --          ; --             ;
; MISC_FILE                          ; ../geradorRST/lpm_tff0.bsf                                                         ; --            ; --          ; --             ;
; MISC_FILE                          ; ../geradorRST/lpm_tff0.cmp                                                         ; --            ; --          ; --             ;
; MISC_FILE                          ; simple_dff.bsf                                                                     ; --            ; --          ; --             ;
; MISC_FILE                          ; simple_dff.cmp                                                                     ; --            ; --          ; --             ;
; MISC_FILE                          ; contadorModulo6.bsf                                                                ; --            ; --          ; --             ;
; MISC_FILE                          ; contadorModulo6.cmp                                                                ; --            ; --          ; --             ;
; MISC_FILE                          ; contadorClearAs.bsf                                                                ; --            ; --          ; --             ;
; MISC_FILE                          ; contadorClearAs.cmp                                                                ; --            ; --          ; --             ;
; MISC_FILE                          ; ledDff.bsf                                                                         ; --            ; --          ; --             ;
; MISC_FILE                          ; ledDff.cmp                                                                         ; --            ; --          ; --             ;
; MISC_FILE                          ; ../timeoutTest/lpm_counter0.bsf                                                    ; --            ; --          ; --             ;
; MISC_FILE                          ; ../timeoutTest/lpm_counter0.cmp                                                    ; --            ; --          ; --             ;
; MISC_FILE                          ; ff.tdf                                                                             ; --            ; --          ; --             ;
; MISC_FILE                          ; ff.bsf                                                                             ; --            ; --          ; --             ;
; MISC_FILE                          ; ff.inc                                                                             ; --            ; --          ; --             ;
; MISC_FILE                          ; C:/Users/TEMP.MICROPRO03.001/Desktop/MICRO1_novo/MICRO1_novo/projeto/LeitorRST.dpf ; --            ; --          ; --             ;
; USE_GENERATED_PHYSICAL_CONSTRAINTS ; Off                                                                                ; --            ; --          ; eda_blast_fpga ;
+------------------------------------+------------------------------------------------------------------------------------+---------------+-------------+----------------+


+-----------------------------------------------------------------------------------------------------------------------------+
; Flow Elapsed Time                                                                                                           ;
+-------------------------+--------------+-------------------------+---------------------+------------------------------------+
; Module Name             ; Elapsed Time ; Average Processors Used ; Peak Virtual Memory ; Total CPU Time (on all processors) ;
+-------------------------+--------------+-------------------------+---------------------+------------------------------------+
; Analysis & Synthesis    ; 00:00:04     ; 1.0                     ; 220 MB              ; 00:00:04                           ;
; Fitter                  ; 00:00:02     ; 1.0                     ; 174 MB              ; 00:00:02                           ;
; Assembler               ; 00:00:01     ; 1.0                     ; 175 MB              ; 00:00:00                           ;
; Classic Timing Analyzer ; 00:00:01     ; 1.0                     ; 147 MB              ; 00:00:01                           ;
; Total                   ; 00:00:08     ; --                      ; --                  ; 00:00:07                           ;
+-------------------------+--------------+-------------------------+---------------------+------------------------------------+


+------------------------------------------------------------------------------------------+
; Flow OS Summary                                                                          ;
+-------------------------+------------------+---------------+------------+----------------+
; Module Name             ; Machine Hostname ; OS Name       ; OS Version ; Processor type ;
+-------------------------+------------------+---------------+------------+----------------+
; Analysis & Synthesis    ; micropro03       ; Windows Vista ; 6.0        ; i1586          ;
; Fitter                  ; micropro03       ; Windows Vista ; 6.0        ; i1586          ;
; Assembler               ; micropro03       ; Windows Vista ; 6.0        ; i1586          ;
; Classic Timing Analyzer ; micropro03       ; Windows Vista ; 6.0        ; i1586          ;
+-------------------------+------------------+---------------+------------+----------------+


------------
; Flow Log ;
------------
quartus_map --read_settings_files=on --write_settings_files=off LeitorRST -c LeitorRST
quartus_fit --read_settings_files=off --write_settings_files=off LeitorRST -c LeitorRST
quartus_asm --read_settings_files=off --write_settings_files=off LeitorRST -c LeitorRST
quartus_tan --read_settings_files=off --write_settings_files=off LeitorRST -c LeitorRST



